# hmmsearch :: search profile(s) against a sequence database
# HMMER 3.4 (Aug 2023); http://hmmer.org/
# Copyright (C) 2023 Howard Hughes Medical Institute.
# Freely distributed under the BSD open source license.
# - - - - - - - - - - - - - - - - - - - - - - - - - - - - - - - - - - - -
# query HMM file:                  /Users/nehuengasparini/Documents/cursoPy/UBA-BioInformatica/mod4/bac_globin_seed_model.hmm
# target sequence database:        /Users/nehuengasparini/Documents/cursoPy/UBA-BioInformatica/mod4/registro_modificados_globinas_pfam.fasta
# - - - - - - - - - - - - - - - - - - - - - - - - - - - - - - - - - - - -

Query:       bac_globin_seed_msa  [M=121]
Scores for complete sequences (score includes all domains):
   --- full sequence ---   --- best 1 domain ---    -#dom-
    E-value  score  bias    E-value  score  bias    exp  N  Sequence Description
    ------- ------ -----    ------- ------ -----   ---- --  -------- -----------

   [No hits detected that satisfy reporting thresholds]


Domain annotation for each sequence (and alignments):

   [No targets detected that satisfy reporting thresholds]


Internal pipeline statistics summary:
-------------------------------------
Query model(s):                            1  (121 nodes)
Target sequences:                       4216  (485022 residues searched)
Passed MSV filter:                        42  (0.00996205); expected 84.3 (0.02)
Passed bias filter:                       36  (0.0085389); expected 84.3 (0.02)
Passed Vit filter:                         5  (0.00118596); expected 4.2 (0.001)
Passed Fwd filter:                         0  (0); expected 0.0 (1e-05)
Initial search space (Z):               4216  [actual number of targets]
Domain search space  (domZ):               0  [number of targets reported over threshold]
# CPU time: 0.01u 0.00s 00:00:00.01 Elapsed: 00:00:00.00
# Mc/sec: 11682.28
//
[ok]
